<?xml version="1.0" encoding="UTF-8"?>
<testng-results skipped="0" failed="0" ignored="0" total="1" passed="1">
  <reporter-output>
  </reporter-output>
  <suite name="Default suite" duration-ms="3284" started-at="2018-02-17T10:58:08Z" finished-at="2018-02-17T10:58:11Z">
    <groups>
    </groups>
    <test name="Default test" duration-ms="3284" started-at="2018-02-17T10:58:08Z" finished-at="2018-02-17T10:58:11Z">
      <class name="Base.Base">
        <test-method status="PASS" signature="initdriver()[pri:0, instance:Base.Base@523884b2]" name="initdriver" is-config="true" duration-ms="3231" started-at="2018-02-17T16:28:05Z" finished-at="2018-02-17T16:28:08Z">
          <reporter-output>
          </reporter-output>
        </test-method> <!-- initdriver -->
        <test-method status="PASS" signature="method1()[pri:0, instance:Base.Base@523884b2]" name="method1" duration-ms="3248" started-at="2018-02-17T16:28:08Z" finished-at="2018-02-17T16:28:11Z">
          <reporter-output>
          </reporter-output>
        </test-method> <!-- method1 -->
        <test-method status="PASS" signature="quitDriver()[pri:0, instance:Base.Base@523884b2]" name="quitDriver" is-config="true" duration-ms="5981" started-at="2018-02-17T16:28:11Z" finished-at="2018-02-17T16:28:17Z">
          <reporter-output>
          </reporter-output>
        </test-method> <!-- quitDriver -->
      </class> <!-- Base.Base -->
    </test> <!-- Default test -->
  </suite> <!-- Default suite -->
</testng-results>
